0 info it worked if it ends with ok
1 verbose cli [ 'C:\\Program Files\\nodejs\\node.exe',
1 verbose cli   'C:\\Program Files\\nodejs\\node_modules\\npm\\bin\\npm-cli.js',
1 verbose cli   'start' ]
2 info using npm@3.10.8
3 info using node@v6.9.1
4 verbose run-script [ 'prestart', 'start', 'poststart' ]
5 info lifecycle appname@2.2.8~prestart: appname@2.2.8
6 verbose lifecycle appname@2.2.8~prestart: unsafe-perm in lifecycle true
7 verbose lifecycle appname@2.2.8~prestart: PATH: C:\Program Files\nodejs\node_modules\npm\bin\node-gyp-bin;D:\Projects\nodes\ts-server\node_modules\.bin;C:\ProgramData\Oracle\Java\javapath;C:\Program Files (x86)\NVIDIA Corporation\PhysX\Common;C:\Windows\system32;C:\Windows;C:\Windows\System32\Wbem;C:\Windows\System32\WindowsPowerShell\v1.0\;C:\Program Files\Git\cmd;C:\Program Files (x86)\Skype\Phone\;C:\Program Files (x86)\Windows Kits\8.1\Windows Performance Toolkit\;C:\Program Files\Microsoft SQL Server\110\Tools\Binn\;C:\Program Files\nodejs\;C:\Program Files\MySQL\MySQL Utilities 1.6\;C:\Users\Afinochka\AppData\Local\Microsoft\WindowsApps;C:\Program Files (x86)\Microsoft VS Code\bin;C:\Users\Afinochka\AppData\Roaming\npm
8 verbose lifecycle appname@2.2.8~prestart: CWD: D:\Projects\nodes\ts-server
9 silly lifecycle appname@2.2.8~prestart: Args: [ '/d /s /c', 'tsc' ]
10 silly lifecycle appname@2.2.8~prestart: Returned: code: 0  signal: null
11 info lifecycle appname@2.2.8~start: appname@2.2.8
12 verbose lifecycle appname@2.2.8~start: unsafe-perm in lifecycle true
13 verbose lifecycle appname@2.2.8~start: PATH: C:\Program Files\nodejs\node_modules\npm\bin\node-gyp-bin;D:\Projects\nodes\ts-server\node_modules\.bin;C:\ProgramData\Oracle\Java\javapath;C:\Program Files (x86)\NVIDIA Corporation\PhysX\Common;C:\Windows\system32;C:\Windows;C:\Windows\System32\Wbem;C:\Windows\System32\WindowsPowerShell\v1.0\;C:\Program Files\Git\cmd;C:\Program Files (x86)\Skype\Phone\;C:\Program Files (x86)\Windows Kits\8.1\Windows Performance Toolkit\;C:\Program Files\Microsoft SQL Server\110\Tools\Binn\;C:\Program Files\nodejs\;C:\Program Files\MySQL\MySQL Utilities 1.6\;C:\Users\Afinochka\AppData\Local\Microsoft\WindowsApps;C:\Program Files (x86)\Microsoft VS Code\bin;C:\Users\Afinochka\AppData\Roaming\npm
14 verbose lifecycle appname@2.2.8~start: CWD: D:\Projects\nodes\ts-server
15 silly lifecycle appname@2.2.8~start: Args: [ '/d /s /c', 'node build/app.js' ]
16 silly lifecycle appname@2.2.8~start: Returned: code: 3221225786  signal: null
17 info lifecycle appname@2.2.8~start: Failed to exec start script
18 verbose stack Error: appname@2.2.8 start: `node build/app.js`
18 verbose stack Exit status 3221225786
18 verbose stack     at EventEmitter.<anonymous> (C:\Program Files\nodejs\node_modules\npm\lib\utils\lifecycle.js:255:16)
18 verbose stack     at emitTwo (events.js:106:13)
18 verbose stack     at EventEmitter.emit (events.js:191:7)
18 verbose stack     at ChildProcess.<anonymous> (C:\Program Files\nodejs\node_modules\npm\lib\utils\spawn.js:40:14)
18 verbose stack     at emitTwo (events.js:106:13)
18 verbose stack     at ChildProcess.emit (events.js:191:7)
18 verbose stack     at maybeClose (internal/child_process.js:877:16)
18 verbose stack     at Process.ChildProcess._handle.onexit (internal/child_process.js:226:5)
19 verbose pkgid appname@2.2.8
20 verbose cwd D:\Projects\nodes\ts-server
21 error Windows_NT 10.0.14393
22 error argv "C:\\Program Files\\nodejs\\node.exe" "C:\\Program Files\\nodejs\\node_modules\\npm\\bin\\npm-cli.js" "start"
23 error node v6.9.1
24 error npm  v3.10.8
25 error code ELIFECYCLE
26 error appname@2.2.8 start: `node build/app.js`
26 error Exit status 3221225786
27 error Failed at the appname@2.2.8 start script 'node build/app.js'.
27 error Make sure you have the latest version of node.js and npm installed.
27 error If you do, this is most likely a problem with the appname package,
27 error not with npm itself.
27 error Tell the author that this fails on your system:
27 error     node build/app.js
27 error You can get information on how to open an issue for this project with:
27 error     npm bugs appname
27 error Or if that isn't available, you can get their info via:
27 error     npm owner ls appname
27 error There is likely additional logging output above.
28 verbose exit [ 1, true ]
